#
# A fatal error has been detected by the Java Runtime Environment:
#
#  SIGSEGV (0xb) at pc=0x000000010528a970, pid=3199, tid=0x0000000000000307
#
# JRE version: Java(TM) SE Runtime Environment (8.0_161-b12) (build 1.8.0_161-b12)
# Java VM: Java HotSpot(TM) 64-Bit Server VM (25.161-b12 mixed mode bsd-amd64 compressed oops)
# Problematic frame:
# V  [libjvm.dylib+0x48a970]
#
# Failed to write core dump. Core dumps have been disabled. To enable core dumping, try "ulimit -c unlimited" before starting Java again
#
# If you would like to submit a bug report, please visit:
#   http://bugreport.java.com/bugreport/crash.jsp
#

---------------  T H R E A D  ---------------

Current thread is native thread

siginfo: si_signo: 11 (SIGSEGV), si_code: 1 (SEGV_MAPERR), si_addr: 0x0000000000000128

Registers:
RAX=0x0000000000000000, RBX=0x00007ffeeb9b2d80, RCX=0x000000010447366c, RDX=0x00007ffeeb9b2d80
RSP=0x00007ffeeb9b28b0, RBP=0x00007ffeeb9b28e0, RSI=0x00007ffeeb9b2d18, RDI=0x0000000000000109
R8 =0x00007ffeeb9b2d80, R9 =0x8fe0f7cf89b9a48b, R10=0x0000000000000c00, R11=0x0000000000000206
R12=0x8fe0f7cf89b9a48b, R13=0x0000000000000c00, R14=0x00007ffeeb9b2d18, R15=0x0000000000000002
RIP=0x000000010528a970, EFLAGS=0x0000000000010206, ERR=0x0000000000000004
  TRAPNO=0x000000000000000e

Top of Stack: (sp=0x00007ffeeb9b28b0)
0x00007ffeeb9b28b0:   00007fffd9c6221c 00007ffeeb9b2d80
0x00007ffeeb9b28c0:   8fe0f7cf89b9a48b 0000000000000c00
0x00007ffeeb9b28d0:   00007ffeeb9b2fe0 0000000000000000
0x00007ffeeb9b28e0:   00007ffeeb9b28f0 00007fff6306bb3d
0x00007ffeeb9b28f0:   00007ffeeb9b2e90 00007fffd9c29b14
0x00007ffeeb9b2900:   00007ffeeb9b29b0 00007fff61da5201
0x00007ffeeb9b2910:   0100001f00000085 0000000104a01000
0x00007ffeeb9b2920:   0000000010004005 0000000007000806
0x00007ffeeb9b2930:   00007ffeeb9b2e38 0000000000000000
0x00007ffeeb9b2940:   00007ffeeb9b2fe0 0000000007000806
0x00007ffeeb9b2950:   00007ffeeb9b2e90 00007ffeeb9b2e38
0x00007ffeeb9b2960:   0000000000001203 00000000ffffffff
0x00007ffeeb9b2970:   0000000000000c00 0000000000000206
0x00007ffeeb9b2980:   0000000007000806 0000000000000c00
0x00007ffeeb9b2990:   00007ffeeb9b2fe0 0000000000000000
0x00007ffeeb9b29a0:   00007fff62fba17a 0000000000000206
0x00007ffeeb9b29b0:   0000000000000007 0000000000000000
0x00007ffeeb9b29c0:   0000000000000000 0000000000000000
0x00007ffeeb9b29d0:   000000000000037f 0000000000000000
0x00007ffeeb9b29e0:   0000000000000000 0000ffff00001fa1
0x00007ffeeb9b29f0:   000000000002cd37 000000000000ffff
0x00007ffeeb9b2a00:   0001ffffed351bef 000000000000ffff
0x00007ffeeb9b2a10:   000000000001ffff 000000000000ffff
0x00007ffeeb9b2a20:   0000000000000000 0000000000000000
0x00007ffeeb9b2a30:   0000000000000000 0000000000000000
0x00007ffeeb9b2a40:   00000000ff73ff94 000000000000ffff
0x00007ffeeb9b2a50:   00000000014508b0 000000000000ffff
0x00007ffeeb9b2a60:   00000000ff700000 000000000000ffff
0x00007ffeeb9b2a70:   41c1280e1055e74b 0000000000000000
0x00007ffeeb9b2a80:   3fe579d2bf551505 0000000000000000
0x00007ffeeb9b2a90:   4415af1d78b58c40 0000000000000000
0x00007ffeeb9b2aa0:   c3e0000000000000 0000000000000000 

Instructions: (pc=0x000000010528a970)
0x000000010528a950:   83 ec 08 48 89 d3 49 89 f6 e8 bc 46 14 00 44 8b
0x000000010528a960:   38 48 8d 05 a8 18 3b 00 48 63 38 e8 8c 49 14 00
0x000000010528a970:   4c 8b a0 28 01 00 00 41 83 7c 24 34 01 0f 85 e2
0x000000010528a980:   00 00 00 49 89 5c 24 40 4d 89 74 24 38 49 8d 5c 

Register to memory mapping:

RAX=0x0000000000000000 is an unknown value
RBX=0x00007ffeeb9b2d80 is an unknown value
RCX=0x000000010447366c is an unknown value
RDX=0x00007ffeeb9b2d80 is an unknown value
RSP=0x00007ffeeb9b28b0 is an unknown value
RBP=0x00007ffeeb9b28e0 is an unknown value
RSI=0x00007ffeeb9b2d18 is an unknown value
RDI=0x0000000000000109 is an unknown value
R8 =0x00007ffeeb9b2d80 is an unknown value
R9 =0x8fe0f7cf89b9a48b is an unknown value
R10=0x0000000000000c00 is an unknown value
R11=0x0000000000000206 is an unknown value
R12=0x8fe0f7cf89b9a48b is an unknown value
R13=0x0000000000000c00 is an unknown value
R14=0x00007ffeeb9b2d18 is an unknown value
R15=0x0000000000000002 is an unknown value


Stack: [0x00007ffeeb1b7000,0x00007ffeeb9b7000],  sp=0x00007ffeeb9b28b0,  free space=8174k
Native frames: (J=compiled Java code, j=interpreted, Vv=VM code, C=native code)
V  [libjvm.dylib+0x48a970]
C  [libsystem_platform.dylib+0x4b3d]  _sigtramp+0x1d
C  0x00007fffd9c29b14
C  [CoreFoundation+0x3bfde]  __CFRunLoopServiceMachPort+0x151
C  [CoreFoundation+0x3b52d]  __CFRunLoopRun+0x676
C  [CoreFoundation+0x3ac64]  CFRunLoopRunSpecific+0x1cf
C  [java+0x647a]  CreateExecutionEnvironment+0x367
C  [java+0x212c]  JLI_Launch+0x7a0
C  [java+0x84d7]  main+0x65
C  [java+0x1984]  start+0x34


---------------  P R O C E S S  ---------------

VM state:at safepoint (normal execution)

VM Mutex/Monitor currently owned by a thread:  ([mutex/lock_event])
[0x00007f8786c03ff0] Threads_lock - owner thread: 0x00007f8787849000
[0x00007f8786c044f0] Heap_lock - owner thread: 0x00007f8787806800

Heap:
 PSYoungGen      total 151040K, used 14810K [0x0000000795580000, 0x00000007a7d80000, 0x00000007c0000000)
  eden space 132096K, 0% used [0x0000000795580000,0x0000000795580000,0x000000079d680000)
  from space 18944K, 78% used [0x000000079d680000,0x000000079e4f6bb0,0x000000079e900000)
  to   space 19456K, 0% used [0x00000007a6a80000,0x00000007a6a80000,0x00000007a7d80000)
 ParOldGen       total 87552K, used 35854K [0x0000000740000000, 0x0000000745580000, 0x0000000795580000)
  object space 87552K, 40% used [0x0000000740000000,0x0000000742303980,0x0000000745580000)
 Metaspace       used 20965K, capacity 21066K, committed 21296K, reserved 1069056K
  class space    used 2612K, capacity 2640K, committed 2688K, reserved 1048576K

Card table byte_map: [0x000000011516e000,0x000000011556f000] byte_map_base: 0x000000011176e000

Marking Bits: (ParMarkBitMap*) 0x00000001056f76c0
 Begin Bits: [0x000000011581a000, 0x000000011781a000)
 End Bits:   [0x000000011781a000, 0x000000011981a000)

Polling page: 0x00000001042ea000

CodeCache: size=245760Kb used=7958Kb max_used=7969Kb free=237801Kb
 bounds [0x0000000105dae000, 0x000000010657e000, 0x0000000114dae000]
 total_blobs=2731 nmethods=2333 adapters=310
 compilation: enabled

Compilation events (10 events):
Event: 12.172 Thread 0x00007f8787878000 2329       3       com.google.inject.internal.MembersInjectorImpl::getInjectionPoints (50 bytes)
Event: 12.174 Thread 0x00007f8787878000 nmethod 2329 0x0000000106578810 code [0x0000000106578b00, 0x000000010657a058]
Event: 12.174 Thread 0x00007f8787878000 2331       3       java.util.regex.Matcher::getTextLength (10 bytes)
Event: 12.174 Thread 0x00007f8787878000 nmethod 2331 0x0000000106566c90 code [0x0000000106566e00, 0x0000000106567028]
Event: 12.174 Thread 0x00007f8787878000 2333       3       java.util.AbstractList$Itr::<init> (31 bytes)
Event: 12.174 Thread 0x00007f8787878000 nmethod 2333 0x0000000106571bd0 code [0x0000000106571d40, 0x0000000106571f30]
Event: 12.174 Thread 0x00007f8787878000 2332       1       sun.reflect.generics.reflectiveObjects.ParameterizedTypeImpl::getRawType (5 bytes)
Event: 12.175 Thread 0x00007f8787878000 nmethod 2332 0x0000000106571910 code [0x0000000106571a60, 0x0000000106571b70]
Event: 12.175 Thread 0x00007f8787877000 2330       4       java.lang.Character::toLowerCase (6 bytes)
Event: 12.176 Thread 0x00007f8787877000 nmethod 2330 0x0000000106571590 code [0x00000001065716e0, 0x00000001065717b8]

GC Heap History (10 events):
Event: 4.071 GC heap after
Heap after GC invocations=3 (full 0):
 PSYoungGen      total 38400K, used 5088K [0x0000000795580000, 0x000000079a080000, 0x00000007c0000000)
  eden space 33280K, 0% used [0x0000000795580000,0x0000000795580000,0x0000000797600000)
  from space 5120K, 99% used [0x0000000797600000,0x0000000797af8030,0x0000000797b00000)
  to   space 5120K, 0% used [0x0000000799b80000,0x0000000799b80000,0x000000079a080000)
 ParOldGen       total 87552K, used 13868K [0x0000000740000000, 0x0000000745580000, 0x0000000795580000)
  object space 87552K, 15% used [0x0000000740000000,0x0000000740d8b318,0x0000000745580000)
 Metaspace       used 9321K, capacity 9462K, committed 9600K, reserved 1058816K
  class space    used 1101K, capacity 1143K, committed 1152K, reserved 1048576K
}
Event: 6.572 GC heap before
{Heap before GC invocations=4 (full 0):
 PSYoungGen      total 38400K, used 38368K [0x0000000795580000, 0x000000079a080000, 0x00000007c0000000)
  eden space 33280K, 100% used [0x0000000795580000,0x0000000797600000,0x0000000797600000)
  from space 5120K, 99% used [0x0000000797600000,0x0000000797af8030,0x0000000797b00000)
  to   space 5120K, 0% used [0x0000000799b80000,0x0000000799b80000,0x000000079a080000)
 ParOldGen       total 87552K, used 13868K [0x0000000740000000, 0x0000000745580000, 0x0000000795580000)
  object space 87552K, 15% used [0x0000000740000000,0x0000000740d8b318,0x0000000745580000)
 Metaspace       used 9866K, capacity 9980K, committed 10240K, reserved 1058816K
  class space    used 1182K, capacity 1208K, committed 1280K, reserved 1048576K
Event: 6.591 GC heap after
Heap after GC invocations=4 (full 0):
 PSYoungGen      total 71680K, used 5104K [0x0000000795580000, 0x000000079a080000, 0x00000007c0000000)
  eden space 66560K, 0% used [0x0000000795580000,0x0000000795580000,0x0000000799680000)
  from space 5120K, 99% used [0x0000000799b80000,0x000000079a07c040,0x000000079a080000)
  to   space 5120K, 0% used [0x0000000799680000,0x0000000799680000,0x0000000799b80000)
 ParOldGen       total 87552K, used 19453K [0x0000000740000000, 0x0000000745580000, 0x0000000795580000)
  object space 87552K, 22% used [0x0000000740000000,0x00000007412ff628,0x0000000745580000)
 Metaspace       used 9866K, capacity 9980K, committed 10240K, reserved 1058816K
  class space    used 1182K, capacity 1208K, committed 1280K, reserved 1048576K
}
Event: 9.631 GC heap before
{Heap before GC invocations=5 (full 0):
 PSYoungGen      total 71680K, used 71664K [0x0000000795580000, 0x000000079a080000, 0x00000007c0000000)
  eden space 66560K, 100% used [0x0000000795580000,0x0000000799680000,0x0000000799680000)
  from space 5120K, 99% used [0x0000000799b80000,0x000000079a07c040,0x000000079a080000)
  to   space 5120K, 0% used [0x0000000799680000,0x0000000799680000,0x0000000799b80000)
 ParOldGen       total 87552K, used 19453K [0x0000000740000000, 0x0000000745580000, 0x0000000795580000)
  object space 87552K, 22% used [0x0000000740000000,0x00000007412ff628,0x0000000745580000)
 Metaspace       used 14346K, capacity 14524K, committed 14720K, reserved 1062912K
  class space    used 1818K, capacity 1859K, committed 1920K, reserved 1048576K
Event: 9.646 GC heap after
Heap after GC invocations=5 (full 0):
 PSYoungGen      total 71680K, used 5104K [0x0000000795580000, 0x000000079fa80000, 0x00000007c0000000)
  eden space 66560K, 0% used [0x0000000795580000,0x0000000795580000,0x0000000799680000)
  from space 5120K, 99% used [0x0000000799680000,0x0000000799b7c040,0x0000000799b80000)
  to   space 17920K, 0% used [0x000000079e900000,0x000000079e900000,0x000000079fa80000)
 ParOldGen       total 87552K, used 32457K [0x0000000740000000, 0x0000000745580000, 0x0000000795580000)
  object space 87552K, 37% used [0x0000000740000000,0x0000000741fb2570,0x0000000745580000)
 Metaspace       used 14346K, capacity 14524K, committed 14720K, reserved 1062912K
  class space    used 1818K, capacity 1859K, committed 1920K, reserved 1048576K
}
Event: 10.378 GC heap before
{Heap before GC invocations=6 (full 0):
 PSYoungGen      total 71680K, used 71664K [0x0000000795580000, 0x000000079fa80000, 0x00000007c0000000)
  eden space 66560K, 100% used [0x0000000795580000,0x0000000799680000,0x0000000799680000)
  from space 5120K, 99% used [0x0000000799680000,0x0000000799b7c040,0x0000000799b80000)
  to   space 17920K, 0% used [0x000000079e900000,0x000000079e900000,0x000000079fa80000)
 ParOldGen       total 87552K, used 32457K [0x0000000740000000, 0x0000000745580000, 0x0000000795580000)
  object space 87552K, 37% used [0x0000000740000000,0x0000000741fb2570,0x0000000745580000)
 Metaspace       used 18027K, capacity 18208K, committed 18432K, reserved 1064960K
  class space    used 2213K, capacity 2249K, committed 2304K, reserved 1048576K
Event: 10.416 GC heap after
Heap after GC invocations=6 (full 0):
 PSYoungGen      total 150016K, used 14932K [0x0000000795580000, 0x000000079fc80000, 0x00000007c0000000)
  eden space 132096K, 0% used [0x0000000795580000,0x0000000795580000,0x000000079d680000)
  from space 17920K, 83% used [0x000000079e900000,0x000000079f795398,0x000000079fa80000)
  to   space 18944K, 0% used [0x000000079d680000,0x000000079d680000,0x000000079e900000)
 ParOldGen       total 87552K, used 32465K [0x0000000740000000, 0x0000000745580000, 0x0000000795580000)
  object space 87552K, 37% used [0x0000000740000000,0x0000000741fb4570,0x0000000745580000)
 Metaspace       used 18027K, capacity 18208K, committed 18432K, reserved 1064960K
  class space    used 2213K, capacity 2249K, committed 2304K, reserved 1048576K
}
Event: 12.220 GC heap before
{Heap before GC invocations=7 (full 0):
 PSYoungGen      total 150016K, used 141944K [0x0000000795580000, 0x000000079fc80000, 0x00000007c0000000)
  eden space 132096K, 96% used [0x0000000795580000,0x000000079d188fa8,0x000000079d680000)
  from space 17920K, 83% used [0x000000079e900000,0x000000079f795398,0x000000079fa80000)
  to   space 18944K, 0% used [0x000000079d680000,0x000000079d680000,0x000000079e900000)
 ParOldGen       total 87552K, used 32465K [0x0000000740000000, 0x0000000745580000, 0x0000000795580000)
  object space 87552K, 37% used [0x0000000740000000,0x0000000741fb4570,0x0000000745580000)
 Metaspace       used 20965K, capacity 21066K, committed 21296K, reserved 1069056K
  class space    used 2612K, capacity 2640K, committed 2688K, reserved 1048576K
Event: 12.257 GC heap after
Heap after GC invocations=7 (full 0):
 PSYoungGen      total 151040K, used 14810K [0x0000000795580000, 0x00000007a7d80000, 0x00000007c0000000)
  eden space 132096K, 0% used [0x0000000795580000,0x0000000795580000,0x000000079d680000)
  from space 18944K, 78% used [0x000000079d680000,0x000000079e4f6bb0,0x000000079e900000)
  to   space 19456K, 0% used [0x00000007a6a80000,0x00000007a6a80000,0x00000007a7d80000)
 ParOldGen       total 87552K, used 35854K [0x0000000740000000, 0x0000000745580000, 0x0000000795580000)
  object space 87552K, 40% used [0x0000000740000000,0x0000000742303980,0x0000000745580000)
 Metaspace       used 20965K, capacity 21066K, committed 21296K, reserved 1069056K
  class space    used 2612K, capacity 2640K, committed 2688K, reserved 1048576K
}
Event: 12.257 GC heap before
{Heap before GC invocations=8 (full 1):
 PSYoungGen      total 151040K, used 14810K [0x0000000795580000, 0x00000007a7d80000, 0x00000007c0000000)
  eden space 132096K, 0% used [0x0000000795580000,0x0000000795580000,0x000000079d680000)
  from space 18944K, 78% used [0x000000079d680000,0x000000079e4f6bb0,0x000000079e900000)
  to   space 19456K, 0% used [0x00000007a6a80000,0x00000007a6a80000,0x00000007a7d80000)
 ParOldGen       total 87552K, used 35854K [0x0000000740000000, 0x0000000745580000, 0x0000000795580000)
  object space 87552K, 40% used [0x0000000740000000,0x0000000742303980,0x0000000745580000)
 Metaspace       used 20965K, capacity 21066K, committed 21296K, reserved 1069056K
  class space    used 2612K, capacity 2640K, committed 2688K, reserved 1048576K

Deoptimization events (10 events):
Event: 10.730 Thread 0x00007f8787806800 Uncommon trap: reason=class_check action=maybe_recompile pc=0x00000001062398b4 method=org.eclipse.emf.common.notify.impl.BasicNotifierImpl.eNotificationRequired()Z @ 8
Event: 10.730 Thread 0x00007f8787806800 Uncommon trap: reason=class_check action=maybe_recompile pc=0x00000001062398b4 method=org.eclipse.emf.common.notify.impl.BasicNotifierImpl.eNotificationRequired()Z @ 8
Event: 10.731 Thread 0x00007f8787806800 Uncommon trap: reason=class_check action=maybe_recompile pc=0x0000000106491410 method=org.eclipse.emf.ecore.impl.MinimalEObjectImpl.eDirectResource()Lorg/eclipse/emf/ecore/resource/Resource$Internal; @ 7
Event: 10.737 Thread 0x00007f8787806800 Uncommon trap: reason=class_check action=maybe_recompile pc=0x0000000106491410 method=org.eclipse.emf.ecore.impl.MinimalEObjectImpl.eDirectResource()Lorg/eclipse/emf/ecore/resource/Resource$Internal; @ 7
Event: 10.738 Thread 0x00007f8787806800 Uncommon trap: reason=class_check action=maybe_recompile pc=0x0000000106491410 method=org.eclipse.emf.ecore.impl.MinimalEObjectImpl.eDirectResource()Lorg/eclipse/emf/ecore/resource/Resource$Internal; @ 7
Event: 10.743 Thread 0x00007f8787806800 Uncommon trap: reason=class_check action=maybe_recompile pc=0x0000000106491410 method=org.eclipse.emf.ecore.impl.MinimalEObjectImpl.eDirectResource()Lorg/eclipse/emf/ecore/resource/Resource$Internal; @ 7
Event: 10.826 Thread 0x00007f8787806800 Uncommon trap: reason=bimorphic action=maybe_recompile pc=0x00000001062f4918 method=java.util.Hashtable.addEntry(ILjava/lang/Object;Ljava/lang/Object;I)V @ 38
Event: 10.889 Thread 0x00007f8787806800 Uncommon trap: reason=bimorphic action=maybe_recompile pc=0x00000001062f4918 method=java.util.Hashtable.addEntry(ILjava/lang/Object;Ljava/lang/Object;I)V @ 38
Event: 11.866 Thread 0x00007f8787806800 Uncommon trap: reason=class_check action=maybe_recompile pc=0x00000001063d2fcc method=java.lang.reflect.Method.equals(Ljava/lang/Object;)Z @ 5
Event: 11.946 Thread 0x00007f8787806800 Uncommon trap: reason=class_check action=maybe_recompile pc=0x00000001063d2fcc method=java.lang.reflect.Method.equals(Ljava/lang/Object;)Z @ 5

Classes redefined (0 events):
No events

Internal exceptions (10 events):
Event: 8.138 Thread 0x00007f8787806800 Exception <a 'java/lang/ArrayIndexOutOfBoundsException'> (0x000000079685a458) thrown at [/Users/java_re/workspace/8-2-build-macosx-x86_64/jdk8u161/10277/hotspot/src/share/vm/runtime/sharedRuntime.cpp, line 605]
Event: 8.141 Thread 0x00007f8787806800 Exception <a 'java/lang/ArrayIndexOutOfBoundsException'> (0x000000079688da58) thrown at [/Users/java_re/workspace/8-2-build-macosx-x86_64/jdk8u161/10277/hotspot/src/share/vm/runtime/sharedRuntime.cpp, line 605]
Event: 8.148 Thread 0x00007f8787806800 Exception <a 'java/lang/ArrayIndexOutOfBoundsException'> (0x00000007968e5130) thrown at [/Users/java_re/workspace/8-2-build-macosx-x86_64/jdk8u161/10277/hotspot/src/share/vm/runtime/sharedRuntime.cpp, line 605]
Event: 8.150 Thread 0x00007f8787806800 Exception <a 'java/lang/ArrayIndexOutOfBoundsException'> (0x000000079692c320) thrown at [/Users/java_re/workspace/8-2-build-macosx-x86_64/jdk8u161/10277/hotspot/src/share/vm/runtime/sharedRuntime.cpp, line 605]
Event: 8.155 Thread 0x00007f8787806800 Exception <a 'java/lang/ArrayIndexOutOfBoundsException'> (0x000000079698d098) thrown at [/Users/java_re/workspace/8-2-build-macosx-x86_64/jdk8u161/10277/hotspot/src/share/vm/runtime/sharedRuntime.cpp, line 605]
Event: 8.157 Thread 0x00007f8787806800 Exception <a 'java/lang/ArrayIndexOutOfBoundsException'> (0x000000079699e940) thrown at [/Users/java_re/workspace/8-2-build-macosx-x86_64/jdk8u161/10277/hotspot/src/share/vm/runtime/sharedRuntime.cpp, line 605]
Event: 8.158 Thread 0x00007f8787806800 Exception <a 'java/lang/ArrayIndexOutOfBoundsException'> (0x00000007969ac458) thrown at [/Users/java_re/workspace/8-2-build-macosx-x86_64/jdk8u161/10277/hotspot/src/share/vm/runtime/sharedRuntime.cpp, line 605]
Event: 8.284 Thread 0x00007f8787806800 Exception <a 'java/lang/ArrayIndexOutOfBoundsException'> (0x0000000796fe7fa0) thrown at [/Users/java_re/workspace/8-2-build-macosx-x86_64/jdk8u161/10277/hotspot/src/share/vm/runtime/sharedRuntime.cpp, line 605]
Event: 8.288 Thread 0x00007f8787806800 Exception <a 'java/lang/ArrayIndexOutOfBoundsException'> (0x0000000797021840) thrown at [/Users/java_re/workspace/8-2-build-macosx-x86_64/jdk8u161/10277/hotspot/src/share/vm/runtime/sharedRuntime.cpp, line 605]
Event: 8.288 Thread 0x00007f8787806800 Exception <a 'java/lang/ArrayIndexOutOfBoundsException'> (0x0000000797023068) thrown at [/Users/java_re/workspace/8-2-build-macosx-x86_64/jdk8u161/10277/hotspot/src/share/vm/runtime/sharedRuntime.cpp, line 605]

Events (10 events):
Event: 12.202 loading class org/eclipse/viatra/query/patternlanguage/emf/vql/TypeCheckConstraint done
Event: 12.203 loading class org/eclipse/viatra/query/patternlanguage/emf/vql/PatternCompositionConstraint
Event: 12.203 loading class org/eclipse/viatra/query/patternlanguage/emf/vql/PatternCompositionConstraint done
Event: 12.205 loading class org/eclipse/viatra/query/patternlanguage/emf/vql/BoolValue
Event: 12.205 loading class org/eclipse/viatra/query/patternlanguage/emf/vql/BoolValue done
Event: 12.207 loading class org/eclipse/viatra/query/patternlanguage/emf/vql/EClassifierConstraint
Event: 12.207 loading class org/eclipse/viatra/query/patternlanguage/emf/vql/EClassifierConstraint done
Event: 12.210 loading class org/eclipse/viatra/query/patternlanguage/emf/parser/antlr/internal/InternalEMFPatternLanguageParser
Event: 12.210 loading class org/eclipse/viatra/query/patternlanguage/emf/parser/antlr/internal/InternalEMFPatternLanguageParser done
Event: 12.220 Executing VM operation: CollectForMetadataAllocation


Dynamic libraries:
0x000000000b9b8000 	/System/Library/Frameworks/Cocoa.framework/Versions/A/Cocoa
0x000000000b9b8000 	/System/Library/Frameworks/Security.framework/Versions/A/Security
0x000000000b9b8000 	/System/Library/Frameworks/ApplicationServices.framework/Versions/A/ApplicationServices
0x000000000b9b8000 	/usr/lib/libz.1.dylib
0x000000000b9b8000 	/usr/lib/libSystem.B.dylib
0x000000000b9b8000 	/usr/lib/libobjc.A.dylib
0x000000000b9b8000 	/System/Library/Frameworks/CoreFoundation.framework/Versions/A/CoreFoundation
0x000000000b9b8000 	/System/Library/Frameworks/Foundation.framework/Versions/C/Foundation
0x000000000b9b8000 	/System/Library/Frameworks/AppKit.framework/Versions/C/AppKit
0x000000000b9b8000 	/System/Library/Frameworks/CoreData.framework/Versions/A/CoreData
0x000000000b9b8000 	/System/Library/PrivateFrameworks/RemoteViewServices.framework/Versions/A/RemoteViewServices
0x000000000b9b8000 	/System/Library/PrivateFrameworks/UIFoundation.framework/Versions/A/UIFoundation
0x000000000b9b8000 	/System/Library/PrivateFrameworks/XCTTargetBootstrap.framework/Versions/A/XCTTargetBootstrap
0x000000000b9b8000 	/System/Library/PrivateFrameworks/IconServices.framework/Versions/A/IconServices
0x000000000b9b8000 	/System/Library/Frameworks/Metal.framework/Versions/A/Metal
0x000000000b9b8000 	/System/Library/PrivateFrameworks/DesktopServicesPriv.framework/Versions/A/DesktopServicesPriv
0x000000000b9b8000 	/usr/lib/libenergytrace.dylib
0x000000000b9b8000 	/System/Library/PrivateFrameworks/SkyLight.framework/Versions/A/SkyLight
0x000000000b9b8000 	/System/Library/Frameworks/CoreGraphics.framework/Versions/A/CoreGraphics
0x000000000b9b8000 	/System/Library/Frameworks/Accelerate.framework/Versions/A/Accelerate
0x000000000b9b8000 	/System/Library/Frameworks/IOSurface.framework/Versions/A/IOSurface
0x000000000b9b8000 	/System/Library/PrivateFrameworks/DFRFoundation.framework/Versions/A/DFRFoundation
0x000000000b9b8000 	/System/Library/Frameworks/AudioToolbox.framework/Versions/A/AudioToolbox
0x000000000b9b8000 	/System/Library/Frameworks/AudioUnit.framework/Versions/A/AudioUnit
0x000000000b9b8000 	/System/Library/PrivateFrameworks/DataDetectorsCore.framework/Versions/A/DataDetectorsCore
0x000000000b9b8000 	/System/Library/Frameworks/Carbon.framework/Versions/A/Frameworks/HIToolbox.framework/Versions/A/HIToolbox
0x000000000b9b8000 	/usr/lib/libicucore.A.dylib
0x000000000b9b8000 	/System/Library/Frameworks/QuartzCore.framework/Versions/A/QuartzCore
0x000000000b9b8000 	/System/Library/Frameworks/Carbon.framework/Versions/A/Frameworks/SpeechRecognition.framework/Versions/A/SpeechRecognition
0x000000000b9b8000 	/usr/lib/libauto.dylib
0x000000000b9b8000 	/usr/lib/libxml2.2.dylib
0x000000000b9b8000 	/System/Library/PrivateFrameworks/CoreUI.framework/Versions/A/CoreUI
0x000000000b9b8000 	/System/Library/Frameworks/CoreAudio.framework/Versions/A/CoreAudio
0x000000000b9b8000 	/System/Library/Frameworks/DiskArbitration.framework/Versions/A/DiskArbitration
0x000000000b9b8000 	/usr/lib/liblangid.dylib
0x000000000b9b8000 	/System/Library/PrivateFrameworks/MultitouchSupport.framework/Versions/A/MultitouchSupport
0x000000000b9b8000 	/System/Library/Frameworks/IOKit.framework/Versions/A/IOKit
0x000000000b9b8000 	/usr/lib/libDiagnosticMessagesClient.dylib
0x000000000b9b8000 	/System/Library/Frameworks/CoreServices.framework/Versions/A/CoreServices
0x000000000b9b8000 	/System/Library/PrivateFrameworks/PerformanceAnalysis.framework/Versions/A/PerformanceAnalysis
0x000000000b9b8000 	/System/Library/Frameworks/OpenGL.framework/Versions/A/OpenGL
0x000000000b9b8000 	/System/Library/Frameworks/ColorSync.framework/Versions/A/ColorSync
0x000000000b9b8000 	/System/Library/Frameworks/CoreImage.framework/Versions/A/CoreImage
0x000000000b9b8000 	/System/Library/Frameworks/CoreText.framework/Versions/A/CoreText
0x000000000b9b8000 	/System/Library/Frameworks/ImageIO.framework/Versions/A/ImageIO
0x000000000b9b8000 	/System/Library/PrivateFrameworks/Backup.framework/Versions/A/Backup
0x000000000b9b8000 	/usr/lib/libarchive.2.dylib
0x000000000b9b8000 	/System/Library/Frameworks/CFNetwork.framework/Versions/A/CFNetwork
0x000000000b9b8000 	/System/Library/Frameworks/SystemConfiguration.framework/Versions/A/SystemConfiguration
0x000000000b9b8000 	/usr/lib/libCRFSuite.dylib
0x000000000b9b8000 	/usr/lib/libc++.1.dylib
0x000000000b9b8000 	/usr/lib/libc++abi.dylib
0x000000000b9b8000 	/usr/lib/system/libcache.dylib
0x000000000b9b8000 	/usr/lib/system/libcommonCrypto.dylib
0x000000000b9b8000 	/usr/lib/system/libcompiler_rt.dylib
0x000000000b9b8000 	/usr/lib/system/libcopyfile.dylib
0x000000000b9b8000 	/usr/lib/system/libcorecrypto.dylib
0x000000000b9b8000 	/usr/lib/system/libdispatch.dylib
0x000000000b9b8000 	/usr/lib/system/libdyld.dylib
0x000000000b9b8000 	/usr/lib/system/libkeymgr.dylib
0x000000000b9b8000 	/usr/lib/system/liblaunch.dylib
0x000000000b9b8000 	/usr/lib/system/libmacho.dylib
0x000000000b9b8000 	/usr/lib/system/libquarantine.dylib
0x000000000b9b8000 	/usr/lib/system/libremovefile.dylib
0x000000000b9b8000 	/usr/lib/system/libsystem_asl.dylib
0x000000000b9b8000 	/usr/lib/system/libsystem_blocks.dylib
0x000000000b9b8000 	/usr/lib/system/libsystem_c.dylib
0x000000000b9b8000 	/usr/lib/system/libsystem_configuration.dylib
0x000000000b9b8000 	/usr/lib/system/libsystem_coreservices.dylib
0x000000000b9b8000 	/usr/lib/system/libsystem_darwin.dylib
0x000000000b9b8000 	/usr/lib/system/libsystem_dnssd.dylib
0x000000000b9b8000 	/usr/lib/system/libsystem_info.dylib
0x000000000b9b8000 	/usr/lib/system/libsystem_m.dylib
0x000000000b9b8000 	/usr/lib/system/libsystem_malloc.dylib
0x000000000b9b8000 	/usr/lib/system/libsystem_networkextension.dylib
0x000000000b9b8000 	/usr/lib/system/libsystem_notify.dylib
0x000000000b9b8000 	/usr/lib/system/libsystem_sandbox.dylib
0x000000000b9b8000 	/usr/lib/system/libsystem_secinit.dylib
0x000000000b9b8000 	/usr/lib/system/libsystem_kernel.dylib
0x000000000b9b8000 	/usr/lib/system/libsystem_platform.dylib
0x000000000b9b8000 	/usr/lib/system/libsystem_pthread.dylib
0x000000000b9b8000 	/usr/lib/system/libsystem_symptoms.dylib
0x000000000b9b8000 	/usr/lib/system/libsystem_trace.dylib
0x000000000b9b8000 	/usr/lib/system/libunwind.dylib
0x000000000b9b8000 	/usr/lib/system/libxpc.dylib
0x000000000b9b8000 	/usr/lib/libbsm.0.dylib
0x000000000b9b8000 	/usr/lib/system/libkxld.dylib
0x000000000b9b8000 	/System/Library/PrivateFrameworks/AppleFSCompression.framework/Versions/A/AppleFSCompression
0x000000000b9b8000 	/usr/lib/libOpenScriptingUtil.dylib
0x000000000b9b8000 	/usr/lib/libcoretls.dylib
0x000000000b9b8000 	/usr/lib/libcoretls_cfhelpers.dylib
0x000000000b9b8000 	/usr/lib/libpam.2.dylib
0x000000000b9b8000 	/usr/lib/libsqlite3.dylib
0x000000000b9b8000 	/usr/lib/libxar.1.dylib
0x000000000b9b8000 	/usr/lib/libbz2.1.0.dylib
0x000000000b9b8000 	/usr/lib/liblzma.5.dylib
0x000000000b9b8000 	/usr/lib/libnetwork.dylib
0x000000000b9b8000 	/usr/lib/libapple_nghttp2.dylib
0x000000000b9b8000 	/usr/lib/libpcap.A.dylib
0x000000000b9b8000 	/System/Library/Frameworks/CoreServices.framework/Versions/A/Frameworks/FSEvents.framework/Versions/A/FSEvents
0x000000000b9b8000 	/System/Library/Frameworks/CoreServices.framework/Versions/A/Frameworks/CarbonCore.framework/Versions/A/CarbonCore
0x000000000b9b8000 	/System/Library/Frameworks/CoreServices.framework/Versions/A/Frameworks/Metadata.framework/Versions/A/Metadata
0x000000000b9b8000 	/System/Library/Frameworks/CoreServices.framework/Versions/A/Frameworks/OSServices.framework/Versions/A/OSServices
0x000000000b9b8000 	/System/Library/Frameworks/CoreServices.framework/Versions/A/Frameworks/SearchKit.framework/Versions/A/SearchKit
0x000000000b9b8000 	/System/Library/Frameworks/CoreServices.framework/Versions/A/Frameworks/AE.framework/Versions/A/AE
0x000000000b9b8000 	/System/Library/Frameworks/CoreServices.framework/Versions/A/Frameworks/LaunchServices.framework/Versions/A/LaunchServices
0x000000000b9b8000 	/System/Library/Frameworks/CoreServices.framework/Versions/A/Frameworks/DictionaryServices.framework/Versions/A/DictionaryServices
0x000000000b9b8000 	/System/Library/Frameworks/CoreServices.framework/Versions/A/Frameworks/SharedFileList.framework/Versions/A/SharedFileList
0x000000000b9b8000 	/System/Library/Frameworks/NetFS.framework/Versions/A/NetFS
0x000000000b9b8000 	/System/Library/PrivateFrameworks/NetAuth.framework/Versions/A/NetAuth
0x000000000b9b8000 	/System/Library/PrivateFrameworks/login.framework/Versions/A/Frameworks/loginsupport.framework/Versions/A/loginsupport
0x000000000b9b8000 	/System/Library/PrivateFrameworks/TCC.framework/Versions/A/TCC
0x000000000b9b8000 	/System/Library/PrivateFrameworks/CoreNLP.framework/Versions/A/CoreNLP
0x000000000b9b8000 	/System/Library/PrivateFrameworks/MetadataUtilities.framework/Versions/A/MetadataUtilities
0x000000000b9b8000 	/usr/lib/libmecabra.dylib
0x000000000b9b8000 	/System/Library/Frameworks/ApplicationServices.framework/Versions/A/Frameworks/ATS.framework/Versions/A/ATS
0x000000000b9b8000 	/System/Library/Frameworks/ApplicationServices.framework/Versions/A/Frameworks/ColorSyncLegacy.framework/Versions/A/ColorSyncLegacy
0x000000000b9b8000 	/System/Library/Frameworks/ApplicationServices.framework/Versions/A/Frameworks/HIServices.framework/Versions/A/HIServices
0x000000000b9b8000 	/System/Library/Frameworks/ApplicationServices.framework/Versions/A/Frameworks/LangAnalysis.framework/Versions/A/LangAnalysis
0x000000000b9b8000 	/System/Library/Frameworks/ApplicationServices.framework/Versions/A/Frameworks/PrintCore.framework/Versions/A/PrintCore
0x000000000b9b8000 	/System/Library/Frameworks/ApplicationServices.framework/Versions/A/Frameworks/QD.framework/Versions/A/QD
0x000000000b9b8000 	/System/Library/Frameworks/ApplicationServices.framework/Versions/A/Frameworks/SpeechSynthesis.framework/Versions/A/SpeechSynthesis
0x000000000b9b8000 	/usr/lib/libcompression.dylib
0x000000000b9b8000 	/System/Library/Frameworks/CoreDisplay.framework/Versions/A/CoreDisplay
0x000000000b9b8000 	/System/Library/Frameworks/MetalPerformanceShaders.framework/Versions/A/MetalPerformanceShaders
0x000000000b9b8000 	/System/Library/Frameworks/Accelerate.framework/Versions/A/Frameworks/vImage.framework/Versions/A/vImage
0x000000000b9b8000 	/System/Library/Frameworks/Accelerate.framework/Versions/A/Frameworks/vecLib.framework/Versions/A/vecLib
0x000000000b9b8000 	/System/Library/Frameworks/Accelerate.framework/Versions/A/Frameworks/vecLib.framework/Versions/A/libvMisc.dylib
0x000000000b9b8000 	/System/Library/Frameworks/Accelerate.framework/Versions/A/Frameworks/vecLib.framework/Versions/A/libvDSP.dylib
0x000000000b9b8000 	/System/Library/Frameworks/Accelerate.framework/Versions/A/Frameworks/vecLib.framework/Versions/A/libBLAS.dylib
0x000000000b9b8000 	/System/Library/Frameworks/Accelerate.framework/Versions/A/Frameworks/vecLib.framework/Versions/A/libLAPACK.dylib
0x000000000b9b8000 	/System/Library/Frameworks/Accelerate.framework/Versions/A/Frameworks/vecLib.framework/Versions/A/libLinearAlgebra.dylib
0x000000000b9b8000 	/System/Library/Frameworks/Accelerate.framework/Versions/A/Frameworks/vecLib.framework/Versions/A/libSparseBLAS.dylib
0x000000000b9b8000 	/System/Library/Frameworks/Accelerate.framework/Versions/A/Frameworks/vecLib.framework/Versions/A/libQuadrature.dylib
0x000000000b9b8000 	/System/Library/Frameworks/Accelerate.framework/Versions/A/Frameworks/vecLib.framework/Versions/A/libBNNS.dylib
0x000000000b9b8000 	/System/Library/Frameworks/Accelerate.framework/Versions/A/Frameworks/vecLib.framework/Versions/A/libSparse.dylib
0x000000000b9b8000 	/System/Library/PrivateFrameworks/GPUWrangler.framework/Versions/A/GPUWrangler
0x000000000b9b8000 	/System/Library/PrivateFrameworks/IOAccelerator.framework/Versions/A/IOAccelerator
0x000000000b9b8000 	/System/Library/PrivateFrameworks/IOPresentment.framework/Versions/A/IOPresentment
0x000000000b9b8000 	/System/Library/PrivateFrameworks/DSExternalDisplay.framework/Versions/A/DSExternalDisplay
0x000000000b9b8000 	/System/Library/Frameworks/OpenGL.framework/Versions/A/Libraries/libCoreFSCache.dylib
0x000000000b9b8000 	/System/Library/Frameworks/MetalPerformanceShaders.framework/Frameworks/MPSCore.framework/Versions/A/MPSCore
0x000000000b9b8000 	/System/Library/Frameworks/MetalPerformanceShaders.framework/Frameworks/MPSImage.framework/Versions/A/MPSImage
0x000000000b9b8000 	/System/Library/Frameworks/MetalPerformanceShaders.framework/Frameworks/MPSNeuralNetwork.framework/Versions/A/MPSNeuralNetwork
0x000000000b9b8000 	/System/Library/Frameworks/MetalPerformanceShaders.framework/Frameworks/MPSMatrix.framework/Versions/A/MPSMatrix
0x000000000b9b8000 	/System/Library/Frameworks/MetalPerformanceShaders.framework/Frameworks/MPSRayIntersector.framework/Versions/A/MPSRayIntersector
0x000000000b9b8000 	/System/Library/PrivateFrameworks/MetalTools.framework/Versions/A/MetalTools
0x000000000b9b8000 	/System/Library/PrivateFrameworks/AggregateDictionary.framework/Versions/A/AggregateDictionary
0x000000000b9b8000 	/usr/lib/libMobileGestalt.dylib
0x000000000b9b8000 	/System/Library/Frameworks/CoreVideo.framework/Versions/A/CoreVideo
0x000000000b9b8000 	/System/Library/PrivateFrameworks/GraphVisualizer.framework/Versions/A/GraphVisualizer
0x000000000b9b8000 	/System/Library/PrivateFrameworks/FaceCore.framework/Versions/A/FaceCore
0x000000000b9b8000 	/System/Library/Frameworks/OpenCL.framework/Versions/A/OpenCL
0x000000000b9b8000 	/usr/lib/libFosl_dynamic.dylib
0x000000000b9b8000 	/System/Library/PrivateFrameworks/OTSVG.framework/Versions/A/OTSVG
0x000000000b9b8000 	/System/Library/Frameworks/ApplicationServices.framework/Versions/A/Frameworks/ATS.framework/Versions/A/Resources/libFontParser.dylib
0x000000000b9b8000 	/System/Library/Frameworks/ApplicationServices.framework/Versions/A/Frameworks/ATS.framework/Versions/A/Resources/libFontRegistry.dylib
0x000000000b9b8000 	/System/Library/Frameworks/ImageIO.framework/Versions/A/Resources/libJPEG.dylib
0x000000000b9b8000 	/System/Library/Frameworks/ImageIO.framework/Versions/A/Resources/libTIFF.dylib
0x000000000b9b8000 	/System/Library/Frameworks/ImageIO.framework/Versions/A/Resources/libPng.dylib
0x000000000b9b8000 	/System/Library/Frameworks/ImageIO.framework/Versions/A/Resources/libGIF.dylib
0x000000000b9b8000 	/System/Library/Frameworks/ImageIO.framework/Versions/A/Resources/libJP2.dylib
0x000000000b9b8000 	/System/Library/Frameworks/ImageIO.framework/Versions/A/Resources/libRadiance.dylib
0x000000000b9b8000 	/System/Library/PrivateFrameworks/AppleJPEG.framework/Versions/A/AppleJPEG
0x000000000b9b8000 	/System/Library/Frameworks/OpenGL.framework/Versions/A/Libraries/libGFXShared.dylib
0x000000000b9b8000 	/System/Library/Frameworks/OpenGL.framework/Versions/A/Libraries/libGLU.dylib
0x000000000b9b8000 	/System/Library/Frameworks/OpenGL.framework/Versions/A/Libraries/libGL.dylib
0x000000000b9b8000 	/System/Library/Frameworks/OpenGL.framework/Versions/A/Libraries/libGLImage.dylib
0x000000000b9b8000 	/System/Library/Frameworks/OpenGL.framework/Versions/A/Libraries/libCVMSPluginSupport.dylib
0x000000000b9b8000 	/System/Library/Frameworks/OpenGL.framework/Versions/A/Libraries/libCoreVMClient.dylib
0x000000000b9b8000 	/usr/lib/libcups.2.dylib
0x000000000b9b8000 	/System/Library/Frameworks/Kerberos.framework/Versions/A/Kerberos
0x000000000b9b8000 	/System/Library/Frameworks/GSS.framework/Versions/A/GSS
0x000000000b9b8000 	/usr/lib/libresolv.9.dylib
0x000000000b9b8000 	/usr/lib/libiconv.2.dylib
0x000000000b9b8000 	/System/Library/PrivateFrameworks/Heimdal.framework/Versions/A/Heimdal
0x000000000b9b8000 	/usr/lib/libheimdal-asn1.dylib
0x000000000b9b8000 	/System/Library/Frameworks/OpenDirectory.framework/Versions/A/OpenDirectory
0x000000000b9b8000 	/System/Library/PrivateFrameworks/CommonAuth.framework/Versions/A/CommonAuth
0x000000000b9b8000 	/System/Library/Frameworks/OpenDirectory.framework/Versions/A/Frameworks/CFOpenDirectory.framework/Versions/A/CFOpenDirectory
0x000000000b9b8000 	/System/Library/Frameworks/SecurityFoundation.framework/Versions/A/SecurityFoundation
0x000000000b9b8000 	/System/Library/PrivateFrameworks/APFS.framework/Versions/A/APFS
0x000000000b9b8000 	/usr/lib/libutil.dylib
0x000000000b9b8000 	/usr/lib/libcharset.1.dylib
0x000000000b9b8000 	/System/Library/PrivateFrameworks/AppleSauce.framework/Versions/A/AppleSauce
0x000000000b9b8000 	/System/Library/PrivateFrameworks/AssertionServices.framework/Versions/A/AssertionServices
0x000000000b9b8000 	/System/Library/PrivateFrameworks/BaseBoard.framework/Versions/A/BaseBoard
0x000000000b9b8000 	/usr/lib/libmecab.1.0.0.dylib
0x000000000b9b8000 	/usr/lib/libgermantok.dylib
0x000000000b9b8000 	/usr/lib/libThaiTokenizer.dylib
0x000000000b9b8000 	/usr/lib/libChineseTokenizer.dylib
0x000000000b9b8000 	/System/Library/PrivateFrameworks/LanguageModeling.framework/Versions/A/LanguageModeling
0x000000000b9b8000 	/System/Library/PrivateFrameworks/CoreEmoji.framework/Versions/A/CoreEmoji
0x000000000b9b8000 	/System/Library/PrivateFrameworks/Lexicon.framework/Versions/A/Lexicon
0x000000000b9b8000 	/System/Library/PrivateFrameworks/LinguisticData.framework/Versions/A/LinguisticData
0x000000000b9b8000 	/usr/lib/libcmph.dylib
0x000000000b9b8000 	/System/Library/Frameworks/ServiceManagement.framework/Versions/A/ServiceManagement
0x000000000b9b8000 	/System/Library/PrivateFrameworks/BackgroundTaskManagement.framework/Versions/A/BackgroundTaskManagement
0x000000000b9b8000 	/usr/lib/libxslt.1.dylib
0x000000000b9b8000 	/System/Library/Frameworks/Carbon.framework/Versions/A/Frameworks/Ink.framework/Versions/A/Ink
0x000000000b9b8000 	/System/Library/PrivateFrameworks/TextureIO.framework/Versions/A/TextureIO
0x000000000b9b8000 	/usr/lib/libate.dylib
0x000000000b9b8000 	/System/Library/PrivateFrameworks/CrashReporterSupport.framework/Versions/A/CrashReporterSupport
0x000000000b9b8000 	/System/Library/PrivateFrameworks/Sharing.framework/Versions/A/Sharing
0x000000000b9b8000 	/System/Library/PrivateFrameworks/AuthKit.framework/Versions/A/AuthKit
0x000000000b9b8000 	/System/Library/PrivateFrameworks/Apple80211.framework/Versions/A/Apple80211
0x000000000b9b8000 	/System/Library/PrivateFrameworks/CoreUtils.framework/Versions/A/CoreUtils
0x000000000b9b8000 	/System/Library/Frameworks/CoreWLAN.framework/Versions/A/CoreWLAN
0x000000000b9b8000 	/System/Library/Frameworks/IOBluetooth.framework/Versions/A/IOBluetooth
0x000000000b9b8000 	/System/Library/PrivateFrameworks/ProtocolBuffer.framework/Versions/A/ProtocolBuffer
0x000000000b9b8000 	/System/Library/PrivateFrameworks/MobileKeyBag.framework/Versions/A/MobileKeyBag
0x000000000b9b8000 	/System/Library/PrivateFrameworks/CorePhoneNumbers.framework/Versions/A/CorePhoneNumbers
0x000000000b9b8000 	/System/Library/PrivateFrameworks/AppleIDAuthSupport.framework/Versions/A/AppleIDAuthSupport
0x000000000b9b8000 	/System/Library/PrivateFrameworks/KeychainCircle.framework/Versions/A/KeychainCircle
0x000000000b9b8000 	/System/Library/PrivateFrameworks/ROCKit.framework/Versions/A/ROCKit
0x000000000b9b8000 	/System/Library/PrivateFrameworks/CoreWiFi.framework/Versions/A/CoreWiFi
0x000000000b9b8000 	/System/Library/Frameworks/CoreBluetooth.framework/Versions/A/CoreBluetooth
0x000000000b9b8000 	/System/Library/PrivateFrameworks/DebugSymbols.framework/Versions/A/DebugSymbols
0x000000000b9b8000 	/System/Library/PrivateFrameworks/CoreSymbolication.framework/Versions/A/CoreSymbolication
0x000000000b9b8000 	/System/Library/PrivateFrameworks/Symbolication.framework/Versions/A/Symbolication
0x000000000b9b8000 	/System/Library/PrivateFrameworks/SpeechRecognitionCore.framework/Versions/A/SpeechRecognitionCore
0x0000000104e00000 	/Library/Java/JavaVirtualMachines/jdk1.8.0_161.jdk/Contents/Home/jre/lib/server/libjvm.dylib
0x000000000b9b8000 	/usr/lib/libstdc++.6.dylib
0x00000001042a6000 	/Library/Java/JavaVirtualMachines/jdk1.8.0_161.jdk/Contents/Home/jre/lib/libverify.dylib
0x00000001042b4000 	/Library/Java/JavaVirtualMachines/jdk1.8.0_161.jdk/Contents/Home/jre/lib/libjava.dylib
0x0000000104334000 	/Library/Java/JavaVirtualMachines/jdk1.8.0_161.jdk/Contents/Home/jre/lib/libzip.dylib
0x000000011b5fd000 	/Library/Java/JavaVirtualMachines/jdk1.8.0_161.jdk/Contents/Home/jre/lib/libnio.dylib
0x000000011b60d000 	/Library/Java/JavaVirtualMachines/jdk1.8.0_161.jdk/Contents/Home/jre/lib/./libnet.dylib

VM Arguments:
java_command: /Users/rawadkaram/WebstormProjects/VIATRA-Generator-Frontend/backend/src/controllers/aa.jar /viatra-storage/runs/configs/generation.vsconfig
java_class_path (initial): /Users/rawadkaram/WebstormProjects/VIATRA-Generator-Frontend/backend/src/controllers/aa.jar
Launcher Type: SUN_STANDARD

Environment Variables:
CLASSPATH=:.:/Users/rawadkaram/java/junit-4.12.jar:/Users/rawadkaram/java/hamcrest-core-1.3.jar:.:/Users/rawadkaram/java/junit-4.12.jar:/Users/rawadkaram/java/hamcrest-core-1.3.jar
PATH=/usr/local/lib/node_modules/npm/node_modules/npm-lifecycle/node-gyp-bin:/Users/rawadkaram/WebstormProjects/VIATRA-Generator-Frontend/backend/node_modules/.bin:/usr/local/bin:/usr/bin:/bin:/usr/sbin:/sbin:/Users/rawadkaram/java:/Users/rawadkaram/java
SHELL=/bin/bash

Signal Handlers:
SIGSEGV: [libjvm.dylib+0x5b5439], sa_mask[0]=11111111011111110111111111111111, sa_flags=SA_ONSTACK|SA_RESTART|SA_SIGINFO
SIGBUS: [libjvm.dylib+0x5b5439], sa_mask[0]=11111111011111110111111111111111, sa_flags=SA_RESTART|SA_SIGINFO
SIGFPE: [libjvm.dylib+0x48ae24], sa_mask[0]=11111111011111110111111111111111, sa_flags=SA_RESTART|SA_SIGINFO
SIGPIPE: [libjvm.dylib+0x48ae24], sa_mask[0]=11111111011111110111111111111111, sa_flags=SA_RESTART|SA_SIGINFO
SIGXFSZ: [libjvm.dylib+0x48ae24], sa_mask[0]=11111111011111110111111111111111, sa_flags=SA_RESTART|SA_SIGINFO
SIGILL: [libjvm.dylib+0x48ae24], sa_mask[0]=11111111011111110111111111111111, sa_flags=SA_RESTART|SA_SIGINFO
SIGUSR1: SIG_DFL, sa_mask[0]=00000000000000000000000000000000, sa_flags=SA_RESTART
SIGUSR2: [libjvm.dylib+0x48a942], sa_mask[0]=00000000000000000000000000000000, sa_flags=SA_RESTART|SA_SIGINFO
SIGHUP: [libjvm.dylib+0x488f0d], sa_mask[0]=11111111011111110111111111111111, sa_flags=SA_RESTART|SA_SIGINFO
SIGINT: [libjvm.dylib+0x488f0d], sa_mask[0]=11111111011111110111111111111111, sa_flags=SA_RESTART|SA_SIGINFO
SIGTERM: [libjvm.dylib+0x488f0d], sa_mask[0]=11111111011111110111111111111111, sa_flags=SA_RESTART|SA_SIGINFO
SIGQUIT: [libjvm.dylib+0x488f0d], sa_mask[0]=11111111011111110111111111111111, sa_flags=SA_RESTART|SA_SIGINFO


---------------  S Y S T E M  ---------------

OS:Bsduname:Darwin 18.2.0 Darwin Kernel Version 18.2.0: Thu Dec 20 20:46:53 PST 2018; root:xnu-4903.241.1~1/RELEASE_X86_64 x86_64
rlimit: STACK 8192k, CORE 0k, NPROC 709, NOFILE 10240, AS infinity
load average:3.37 4.26 3.54

CPU:total 4 (initial active 4) (2 cores per cpu, 2 threads per core) family 6 model 78 stepping 3, cmov, cx8, fxsr, mmx, sse, sse2, sse3, ssse3, sse4.1, sse4.2, popcnt, avx, avx2, aes, clmul, erms, 3dnowpref, lzcnt, ht, tsc, tscinvbit, bmi1, bmi2, adx

Memory: 4k page, physical 8388608k(41072k free)

/proc/meminfo:


vm_info: Java HotSpot(TM) 64-Bit Server VM (25.161-b12) for bsd-amd64 JRE (1.8.0_161-b12), built on Dec 19 2017 16:22:20 by "java_re" with gcc 4.2.1 (Based on Apple Inc. build 5658) (LLVM build 2336.11.00)

time: Sat Mar 30 17:50:37 2019
elapsed time: 12 seconds (0d 0h 0m 12s)

